# JRE version: OpenJDK Runtime Environment (21.0.7) (build 21.0.7+-13880790-b1038.58)
# Java VM: OpenJDK 64-Bit Server VM (21.0.7+-13880790-b1038.58, mixed mode, tiered, compressed oops, compressed class ptrs, g1 gc, windows-amd64)
GC Precious Log:
 CardTable entry size: 512
 Card Set container configuration: InlinePtr #cards 5 size 8 Array Of Cards #cards 12 size 40 Howl #buckets 4 coarsen threshold 1843 Howl Bitmap #cards 512 size 80 coarsen threshold 460 Card regions per heap region 1 cards per card region 2048
 CPUs: 8 total, 8 available
 Memory: 20214M
 Large Page Support: Disabled
 NUMA Support: Disabled
 Compressed Oops: Enabled (32-bit)
 Heap Region Size: 1M
 Heap Min Capacity: 8M
 Heap Initial Capacity: 316M
 Heap Max Capacity: 2G
 Pre-touch: Disabled
 Parallel Workers: 8
 Concurrent Workers: 2
 Concurrent Refinement Workers: 8
 Periodic GC: Disabled
Heap:
 garbage-first heap   total 400384K, used 310977K [0x0000000080000000, 0x0000000100000000)
  region size 1024K, 114 young (116736K), 10 survivors (10240K)
 Metaspace       used 203078K, committed 204800K, reserved 1245184K
  class space    used 27155K, committed 28032K, reserved 1048576K
GC Heap History (20 events):
Event: 1510.442 GC heap before
{Heap before GC invocations=66 (full 0):
 garbage-first heap   total 367616K, used 322119K [0x0000000080000000, 0x0000000100000000)
  region size 1024K, 133 young (136192K), 7 survivors (7168K)
 Metaspace       used 167877K, committed 170560K, reserved 1245184K
  class space    used 22731K, committed 24064K, reserved 1048576K
}
Event: 1510.455 GC heap after
{Heap after GC invocations=67 (full 0):
 garbage-first heap   total 367616K, used 193405K [0x0000000080000000, 0x0000000100000000)
  region size 1024K, 10 young (10240K), 10 survivors (10240K)
 Metaspace       used 167877K, committed 170560K, reserved 1245184K
  class space    used 22731K, committed 24064K, reserved 1048576K
}
Event: 1662.971 GC heap before
{Heap before GC invocations=67 (full 0):
 garbage-first heap   total 367616K, used 352125K [0x0000000080000000, 0x0000000100000000)
  region size 1024K, 149 young (152576K), 10 survivors (10240K)
 Metaspace       used 168846K, committed 171456K, reserved 1245184K
  class space    used 22758K, committed 24064K, reserved 1048576K
}
Event: 1662.989 GC heap after
{Heap after GC invocations=68 (full 0):
 garbage-first heap   total 367616K, used 163840K [0x0000000080000000, 0x0000000100000000)
  region size 1024K, 4 young (4096K), 4 survivors (4096K)
 Metaspace       used 168846K, committed 171456K, reserved 1245184K
  class space    used 22758K, committed 24064K, reserved 1048576K
}
Event: 1848.916 GC heap before
{Heap before GC invocations=68 (full 0):
 garbage-first heap   total 367616K, used 340992K [0x0000000080000000, 0x0000000100000000)
  region size 1024K, 178 young (182272K), 4 survivors (4096K)
 Metaspace       used 169352K, committed 171968K, reserved 1245184K
  class space    used 22764K, committed 24064K, reserved 1048576K
}
Event: 1848.935 GC heap after
{Heap after GC invocations=69 (full 0):
 garbage-first heap   total 367616K, used 176624K [0x0000000080000000, 0x0000000100000000)
  region size 1024K, 16 young (16384K), 16 survivors (16384K)
 Metaspace       used 169352K, committed 171968K, reserved 1245184K
  class space    used 22764K, committed 24064K, reserved 1048576K
}
Event: 2060.289 GC heap before
{Heap before GC invocations=70 (full 0):
 garbage-first heap   total 367616K, used 345584K [0x0000000080000000, 0x0000000100000000)
  region size 1024K, 167 young (171008K), 16 survivors (16384K)
 Metaspace       used 169666K, committed 172288K, reserved 1245184K
  class space    used 22765K, committed 24064K, reserved 1048576K
}
Event: 2060.314 GC heap after
{Heap after GC invocations=71 (full 0):
 garbage-first heap   total 367616K, used 178818K [0x0000000080000000, 0x0000000100000000)
  region size 1024K, 13 young (13312K), 13 survivors (13312K)
 Metaspace       used 169666K, committed 172288K, reserved 1245184K
  class space    used 22765K, committed 24064K, reserved 1048576K
}
Event: 2297.606 GC heap before
{Heap before GC invocations=71 (full 0):
 garbage-first heap   total 367616K, used 346754K [0x0000000080000000, 0x0000000100000000)
  region size 1024K, 163 young (166912K), 13 survivors (13312K)
 Metaspace       used 169938K, committed 172544K, reserved 1245184K
  class space    used 22772K, committed 24064K, reserved 1048576K
}
Event: 2297.622 GC heap after
{Heap after GC invocations=72 (full 0):
 garbage-first heap   total 367616K, used 165793K [0x0000000080000000, 0x0000000100000000)
  region size 1024K, 4 young (4096K), 4 survivors (4096K)
 Metaspace       used 169938K, committed 172544K, reserved 1245184K
  class space    used 22772K, committed 24064K, reserved 1048576K
}
Event: 2527.500 GC heap before
{Heap before GC invocations=72 (full 0):
 garbage-first heap   total 367616K, used 335777K [0x0000000080000000, 0x0000000100000000)
  region size 1024K, 171 young (175104K), 4 survivors (4096K)
 Metaspace       used 170073K, committed 172672K, reserved 1245184K
  class space    used 22774K, committed 24064K, reserved 1048576K
}
Event: 2527.517 GC heap after
{Heap after GC invocations=73 (full 0):
 garbage-first heap   total 367616K, used 167781K [0x0000000080000000, 0x0000000100000000)
  region size 1024K, 6 young (6144K), 6 survivors (6144K)
 Metaspace       used 170073K, committed 172672K, reserved 1245184K
  class space    used 22774K, committed 24064K, reserved 1048576K
}
Event: 2532.450 GC heap before
{Heap before GC invocations=74 (full 0):
 garbage-first heap   total 367616K, used 340837K [0x0000000080000000, 0x0000000100000000)
  region size 1024K, 174 young (178176K), 6 survivors (6144K)
 Metaspace       used 180114K, committed 181696K, reserved 1245184K
  class space    used 23872K, committed 24640K, reserved 1048576K
}
Event: 2532.483 GC heap after
{Heap after GC invocations=75 (full 0):
 garbage-first heap   total 367616K, used 173261K [0x0000000080000000, 0x0000000100000000)
  region size 1024K, 14 young (14336K), 14 survivors (14336K)
 Metaspace       used 180114K, committed 181696K, reserved 1245184K
  class space    used 23872K, committed 24640K, reserved 1048576K
}
Event: 2537.245 GC heap before
{Heap before GC invocations=75 (full 0):
 garbage-first heap   total 367616K, used 333005K [0x0000000080000000, 0x0000000100000000)
  region size 1024K, 170 young (174080K), 14 survivors (14336K)
 Metaspace       used 192637K, committed 194304K, reserved 1245184K
  class space    used 25802K, committed 26624K, reserved 1048576K
}
Event: 2537.297 GC heap after
{Heap after GC invocations=76 (full 0):
 garbage-first heap   total 368640K, used 157458K [0x0000000080000000, 0x0000000100000000)
  region size 1024K, 16 young (16384K), 16 survivors (16384K)
 Metaspace       used 192637K, committed 194304K, reserved 1245184K
  class space    used 25802K, committed 26624K, reserved 1048576K
}
Event: 2540.922 GC heap before
{Heap before GC invocations=76 (full 0):
 garbage-first heap   total 368640K, used 332562K [0x0000000080000000, 0x0000000100000000)
  region size 1024K, 188 young (192512K), 16 survivors (16384K)
 Metaspace       used 198165K, committed 199872K, reserved 1245184K
  class space    used 26586K, committed 27456K, reserved 1048576K
}
Event: 2540.965 GC heap after
{Heap after GC invocations=77 (full 0):
 garbage-first heap   total 368640K, used 173860K [0x0000000080000000, 0x0000000100000000)
  region size 1024K, 23 young (23552K), 23 survivors (23552K)
 Metaspace       used 198165K, committed 199872K, reserved 1245184K
  class space    used 26586K, committed 27456K, reserved 1048576K
}
Event: 2588.509 GC heap before
{Heap before GC invocations=78 (full 0):
 garbage-first heap   total 368640K, used 366372K [0x0000000080000000, 0x0000000100000000)
  region size 1024K, 170 young (174080K), 23 survivors (23552K)
 Metaspace       used 202872K, committed 204672K, reserved 1245184K
  class space    used 27155K, committed 28032K, reserved 1048576K
}
Event: 2588.530 GC heap after
{Heap after GC invocations=79 (full 0):
 garbage-first heap   total 400384K, used 181953K [0x0000000080000000, 0x0000000100000000)
  region size 1024K, 10 young (10240K), 10 survivors (10240K)
 Metaspace       used 202872K, committed 204672K, reserved 1245184K
  class space    used 27155K, committed 28032K, reserved 1048576K
}

